-------------------------------------------------------------------------------
Test set: controllerTest.ControllerTest
-------------------------------------------------------------------------------
Tests run: 1, Failures: 1, Errors: 0, Skipped: 0, Time elapsed: 0.001 sec <<< FAILURE!
controllerTest.ControllerTest.testPlay()  Time elapsed: 0.001 sec  <<< FAILURE!
java.lang.NullPointerException
	at controllerTest.ControllerTest.testPlay(ControllerTest.java:40)

